<?xml version="1.0" encoding="UTF-8"?>
<!-- Generated by org.testng.reporters.JUnitXMLReporter -->
<testsuite ignored="3" hostname="MSI" failures="0" tests="1" name="Default test" time="11.796" errors="0" timestamp="2025-02-26T16:03:15 IST">
  <testcase classname="com.comcast.crm.PomClasses.CreateOrganizationTest" name="createOrganization" time="6.462"/>
  <testcase classname="com.comcast.crm.PomClasses.CreateOrganizationTest" name="delereOrg" time="0.0">
    <ignored/>
  </testcase> <!-- delereOrg -->
  <testcase classname="com.comcast.crm.PomClasses.CreateOrganizationTest" name="createOrganizationWithPhoneNumber" time="0.0">
    <ignored/>
  </testcase> <!-- createOrganizationWithPhoneNumber -->
  <testcase classname="com.comcast.crm.PomClasses.CreateOrganizationTest" name="createOrganizationWithIndustry" time="0.0">
    <ignored/>
  </testcase> <!-- createOrganizationWithIndustry -->
</testsuite> <!-- Default test -->
