<?xml version="1.0" encoding="UTF-8"?>
<!-- Generated by org.testng.reporters.JUnitXMLReporter -->
<testsuite ignored="1" hostname="MSI" failures="1" tests="1" name="Default test(failed)" time="6.38" errors="0" timestamp="2025-02-24T14:44:05 IST">
  <testcase classname="Practice.InvoiceTest" name="createInvoiceTest" time="0.017">
    <failure type="java.lang.AssertionError" message="expected [Login] but found [Administrator - Home - vtiger CRM 5 - Commercial Open Source CRM]">
      <![CDATA[java.lang.AssertionError: expected [Login] but found [Administrator - Home - vtiger CRM 5 - Commercial Open Source CRM]
at Practice.InvoiceTest.createInvoiceTest(InvoiceTest.java:15)
at java.base/java.util.ArrayList.forEach(ArrayList.java:1597)
... Removed 31 stack frames]]>
    </failure>
  </testcase> <!-- createInvoiceTest -->
  <testcase classname="Practice.InvoiceTest" name="createInvoiceWithContactTest" time="0.0">
    <ignored/>
  </testcase> <!-- createInvoiceWithContactTest -->
</testsuite> <!-- Default test(failed) -->
