<?xml version="1.0" encoding="UTF-8"?>
<testng-results ignored="3" total="4" passed="1" failed="0" skipped="0">
  <reporter-output>
  </reporter-output>
  <suite started-at="2025-02-26T16:28:11 IST" name="Suite" finished-at="2025-02-26T16:28:31 IST" duration-ms="19833">
    <groups>
      <group name="smokeTest">
        <method signature="CreateOrganizationTest.createOrganization()[pri:0, instance:com.comcast.crm.PomClasses.CreateOrganizationTest@e4487af]" name="createOrganization" class="com.comcast.crm.PomClasses.CreateOrganizationTest"/>
      </group> <!-- smokeTest -->
    </groups>
    <test started-at="2025-02-26T16:28:11 IST" name="Test" finished-at="2025-02-26T16:28:31 IST" duration-ms="19833">
      <class name="com.comcast.crm.PomClasses.CreateOrganizationTest">
        <test-method is-config="true" signature="configBS()[pri:0, instance:com.comcast.crm.PomClasses.CreateOrganizationTest@e4487af]" started-at="2025-02-26T16:28:10 IST" name="configBS" finished-at="2025-02-26T16:28:11 IST" duration-ms="601" status="PASS">
          <reporter-output>
          </reporter-output>
        </test-method> <!-- configBS -->
        <test-method is-config="true" signature="configBC()[pri:0, instance:com.comcast.crm.PomClasses.CreateOrganizationTest@e4487af]" started-at="2025-02-26T16:28:11 IST" name="configBC" finished-at="2025-02-26T16:28:13 IST" duration-ms="2477" status="PASS">
          <reporter-output>
          </reporter-output>
        </test-method> <!-- configBC -->
        <test-method is-config="true" signature="configBM()[pri:0, instance:com.comcast.crm.PomClasses.CreateOrganizationTest@e4487af]" started-at="2025-02-26T16:28:13 IST" name="configBM" finished-at="2025-02-26T16:28:15 IST" duration-ms="1637" status="PASS">
          <reporter-output>
          </reporter-output>
        </test-method> <!-- configBM -->
        <test-method signature="createOrganization()[pri:0, instance:com.comcast.crm.PomClasses.CreateOrganizationTest@e4487af]" started-at="2025-02-26T16:28:15 IST" name="createOrganization" finished-at="2025-02-26T16:28:29 IST" duration-ms="14243" status="PASS">
          <reporter-output>
          </reporter-output>
        </test-method> <!-- createOrganization -->
        <test-method is-config="true" signature="configAM()[pri:0, instance:com.comcast.crm.PomClasses.CreateOrganizationTest@e4487af]" started-at="2025-02-26T16:28:29 IST" name="configAM" finished-at="2025-02-26T16:28:30 IST" duration-ms="1263" status="PASS">
          <reporter-output>
          </reporter-output>
        </test-method> <!-- configAM -->
        <test-method is-config="true" signature="configAC()[pri:0, instance:com.comcast.crm.PomClasses.CreateOrganizationTest@e4487af]" started-at="2025-02-26T16:28:30 IST" name="configAC" finished-at="2025-02-26T16:28:31 IST" duration-ms="187" status="PASS">
          <reporter-output>
          </reporter-output>
        </test-method> <!-- configAC -->
        <test-method is-config="true" signature="configAS()[pri:0, instance:com.comcast.crm.PomClasses.CreateOrganizationTest@e4487af]" started-at="2025-02-26T16:28:31 IST" name="configAS" finished-at="2025-02-26T16:28:31 IST" duration-ms="0" status="PASS">
          <reporter-output>
          </reporter-output>
        </test-method> <!-- configAS -->
      </class> <!-- com.comcast.crm.PomClasses.CreateOrganizationTest -->
    </test> <!-- Test -->
  </suite> <!-- Suite -->
</testng-results>
