<?xml version="1.0" encoding="UTF-8"?>
<testng-results ignored="5" total="7" passed="2" failed="0" skipped="0">
  <reporter-output>
  </reporter-output>
  <suite started-at="2025-03-17T15:27:03 IST" name="Suite" finished-at="2025-03-17T15:27:51 IST" duration-ms="48060">
    <groups>
      <group name="smokeTest">
        <method signature="CreateContactTest.createContactTest()[pri:0, instance:com.comcast.crm.PomClasses.CreateContactTest@37271612]" name="createContactTest" class="com.comcast.crm.PomClasses.CreateContactTest"/>
        <method signature="CreateOrganizationTest.createOrganization()[pri:0, instance:com.comcast.crm.PomClasses.CreateOrganizationTest@687e99d8]" name="createOrganization" class="com.comcast.crm.PomClasses.CreateOrganizationTest"/>
      </group> <!-- smokeTest -->
    </groups>
    <test started-at="2025-03-17T15:27:03 IST" name="Test" finished-at="2025-03-17T15:27:51 IST" duration-ms="48060">
      <class name="com.comcast.crm.PomClasses.CreateContactTest">
        <test-method is-config="true" signature="configBC()[pri:0, instance:com.comcast.crm.PomClasses.CreateContactTest@37271612]" started-at="2025-03-17T15:27:38 IST" name="configBC" finished-at="2025-03-17T15:27:40 IST" duration-ms="1788" status="PASS">
          <reporter-output>
          </reporter-output>
        </test-method> <!-- configBC -->
        <test-method is-config="true" signature="configBM()[pri:0, instance:com.comcast.crm.PomClasses.CreateContactTest@37271612]" started-at="2025-03-17T15:27:40 IST" name="configBM" finished-at="2025-03-17T15:27:42 IST" duration-ms="2605" status="PASS">
          <reporter-output>
          </reporter-output>
        </test-method> <!-- configBM -->
        <test-method signature="createContactTest()[pri:0, instance:com.comcast.crm.PomClasses.CreateContactTest@37271612]" started-at="2025-03-17T15:27:42 IST" name="createContactTest" finished-at="2025-03-17T15:27:50 IST" duration-ms="7704" status="PASS">
          <reporter-output>
          </reporter-output>
        </test-method> <!-- createContactTest -->
        <test-method is-config="true" signature="configAM()[pri:0, instance:com.comcast.crm.PomClasses.CreateContactTest@37271612]" started-at="2025-03-17T15:27:50 IST" name="configAM" finished-at="2025-03-17T15:27:51 IST" duration-ms="1138" status="PASS">
          <reporter-output>
          </reporter-output>
        </test-method> <!-- configAM -->
        <test-method is-config="true" signature="configAC()[pri:0, instance:com.comcast.crm.PomClasses.CreateContactTest@37271612]" started-at="2025-03-17T15:27:51 IST" name="configAC" finished-at="2025-03-17T15:27:51 IST" duration-ms="195" status="PASS">
          <reporter-output>
          </reporter-output>
        </test-method> <!-- configAC -->
      </class> <!-- com.comcast.crm.PomClasses.CreateContactTest -->
      <class name="com.comcast.crm.PomClasses.CreateOrganizationTest">
        <test-method is-config="true" signature="configBS()[pri:0, instance:com.comcast.crm.PomClasses.CreateOrganizationTest@687e99d8]" started-at="2025-03-17T15:27:03 IST" name="configBS" finished-at="2025-03-17T15:27:03 IST" duration-ms="360" status="PASS">
          <reporter-output>
          </reporter-output>
        </test-method> <!-- configBS -->
        <test-method is-config="true" signature="configBC()[pri:0, instance:com.comcast.crm.PomClasses.CreateOrganizationTest@687e99d8]" started-at="2025-03-17T15:27:03 IST" name="configBC" finished-at="2025-03-17T15:27:10 IST" duration-ms="6593" status="PASS">
          <reporter-output>
          </reporter-output>
        </test-method> <!-- configBC -->
        <test-method is-config="true" signature="configBM()[pri:0, instance:com.comcast.crm.PomClasses.CreateOrganizationTest@687e99d8]" started-at="2025-03-17T15:27:10 IST" name="configBM" finished-at="2025-03-17T15:27:16 IST" duration-ms="6191" status="PASS">
          <reporter-output>
          </reporter-output>
        </test-method> <!-- configBM -->
        <test-method signature="createOrganization()[pri:0, instance:com.comcast.crm.PomClasses.CreateOrganizationTest@687e99d8]" started-at="2025-03-17T15:27:16 IST" name="createOrganization" finished-at="2025-03-17T15:27:36 IST" duration-ms="20098" status="PASS">
          <reporter-output>
          </reporter-output>
        </test-method> <!-- createOrganization -->
        <test-method is-config="true" signature="configAM()[pri:0, instance:com.comcast.crm.PomClasses.CreateOrganizationTest@687e99d8]" started-at="2025-03-17T15:27:36 IST" name="configAM" finished-at="2025-03-17T15:27:38 IST" duration-ms="1521" status="PASS">
          <reporter-output>
          </reporter-output>
        </test-method> <!-- configAM -->
        <test-method is-config="true" signature="configAC()[pri:0, instance:com.comcast.crm.PomClasses.CreateOrganizationTest@687e99d8]" started-at="2025-03-17T15:27:38 IST" name="configAC" finished-at="2025-03-17T15:27:38 IST" duration-ms="195" status="PASS">
          <reporter-output>
          </reporter-output>
        </test-method> <!-- configAC -->
        <test-method is-config="true" signature="configAS()[pri:0, instance:com.comcast.crm.PomClasses.CreateOrganizationTest@687e99d8]" started-at="2025-03-17T15:27:51 IST" name="configAS" finished-at="2025-03-17T15:27:51 IST" duration-ms="4" status="PASS">
          <reporter-output>
          </reporter-output>
        </test-method> <!-- configAS -->
      </class> <!-- com.comcast.crm.PomClasses.CreateOrganizationTest -->
    </test> <!-- Test -->
  </suite> <!-- Suite -->
</testng-results>
