<?xml version="1.0" encoding="UTF-8"?>
<!-- Generated by org.testng.reporters.JUnitXMLReporter -->
<testsuite ignored="7" hostname="MSI" failures="0" tests="2" name="Test" time="48.06" errors="0" timestamp="2025-03-17T15:27:51 IST">
  <testcase classname="com.comcast.crm.PomClasses.CreateOrganizationTest" name="createOrganization" time="20.098"/>
  <testcase classname="com.comcast.crm.PomClasses.CreateContactTest" name="createContactTest" time="7.704"/>
  <testcase classname="com.comcast.crm.PomClasses.CreateOrganizationTest" name="delereOrg" time="0.0">
    <ignored/>
  </testcase> <!-- delereOrg -->
  <testcase classname="com.comcast.crm.PomClasses.CreateContactTest" name="createContactWithOrgTest" time="0.0">
    <ignored/>
  </testcase> <!-- createContactWithOrgTest -->
  <testcase classname="com.comcast.crm.baseTest.BaseClass" name="@AfterSuite configAS" time="0.0">
    <ignored/>
  </testcase> <!-- @AfterSuite configAS -->
  <testcase classname="com.comcast.crm.PomClasses.CreateContactTest" name="createContactWithSupportDateTest" time="0.0">
    <ignored/>
  </testcase> <!-- createContactWithSupportDateTest -->
  <testcase classname="com.comcast.crm.baseTest.BaseClass" name="@BeforeSuite configBS" time="0.0">
    <ignored/>
  </testcase> <!-- @BeforeSuite configBS -->
  <testcase classname="com.comcast.crm.PomClasses.CreateOrganizationTest" name="createOrganizationWithPhoneNumber" time="0.0">
    <ignored/>
  </testcase> <!-- createOrganizationWithPhoneNumber -->
  <testcase classname="com.comcast.crm.PomClasses.CreateOrganizationTest" name="createOrganizationWithIndustry" time="0.0">
    <ignored/>
  </testcase> <!-- createOrganizationWithIndustry -->
</testsuite> <!-- Test -->
