<?xml version="1.0" encoding="UTF-8"?>
<!-- Generated by org.testng.reporters.JUnitXMLReporter -->
<testsuite ignored="2" hostname="MSI" failures="0" tests="7" name="TestRunner-Chrome" time="132.01" errors="0" timestamp="2025-02-21T16:50:00 IST">
  <testcase classname="com.comcast.crm.PomClasses.CreateOrganizationTest" name="createOrganization" time="11.273"/>
  <testcase classname="com.comcast.crm.PomClasses.CreateOrganizationTest" name="createOrganizationWithIndustry" time="11.248"/>
  <testcase classname="com.comcast.crm.PomClasses.CreateOrganizationTest" name="createOrganizationWithPhoneNumber" time="11.165"/>
  <testcase classname="com.comcast.crm.PomClasses.CreateOrganizationTest" name="delereOrg" time="15.288"/>
  <testcase classname="com.comcast.crm.PomClasses.CreateContactTest" name="createContact" time="11.901"/>
  <testcase classname="com.comcast.crm.PomClasses.CreateContactTest" name="createContactWithOrgTest" time="22.253"/>
  <testcase classname="com.comcast.crm.PomClasses.CreateContactTest" name="createContactWithSupportDateTest" time="11.075"/>
  <testcase classname="com.comcast.crm.baseTest.BaseClass" name="@BeforeSuite configBS" time="0.0">
    <ignored/>
  </testcase> <!-- @BeforeSuite configBS -->
  <testcase classname="com.comcast.crm.baseTest.BaseClass" name="@AfterSuite configAS" time="0.0">
    <ignored/>
  </testcase> <!-- @AfterSuite configAS -->
</testsuite> <!-- TestRunner-Chrome -->
